C:\Program Files (x86)\Microsoft Visual Studio\2019\Community\MSBuild\Microsoft\VC\v160\Microsoft.CppBuild.targets(491,5): warning MSB8028: The intermediate directory (Debug\) contains files shared from another project (3DRendC.vcxproj, Neon.vcxproj).  This can lead to incorrect clean and rebuild behavior.
  main.c
C:\Program Files (x86)\Windows Kits\10\Include\10.0.18362.0\ucrt\corecrt_math_defines.h(22,1): warning C4005: 'M_PI': macro redefinition
C:\Users\Light\source\repos\3DRendC\include\SDL_stdinc.h(508): message : see previous definition of 'M_PI'
C:\Users\Light\source\repos\3DRendC\main.c(20,31): warning C4305: 'initializing': truncation from 'double' to 'float'
C:\Users\Light\source\repos\3DRendC\main.c(38,16): warning C4026: function declared with formal parameter list
C:\Users\Light\source\repos\3DRendC\main.c(48,3): error C2065: 'aafaf': undeclared identifier
C:\Users\Light\source\repos\3DRendC\main.c(48,3): error C2146: syntax error: missing ';' before identifier 'puts'
C:\Users\Light\source\repos\3DRendC\main.c(162,64): warning C4305: '=': truncation from 'double' to 'float'
C:\Users\Light\source\repos\3DRendC\main.c(162,85): warning C4305: '=': truncation from 'double' to 'float'
C:\Users\Light\source\repos\3DRendC\main.c(180,18): warning C4244: '=': conversion from 'clock_t' to 'float', possible loss of data
C:\Users\Light\source\repos\3DRendC\main.c(189,44): warning C4244: 'function': conversion from 'Sint32' to 'float', possible loss of data
C:\Users\Light\source\repos\3DRendC\main.c(189,74): warning C4244: 'function': conversion from 'Sint32' to 'float', possible loss of data
C:\Users\Light\source\repos\3DRendC\main.c(197,69): warning C4244: '=': conversion from 'double' to 'float', possible loss of data
C:\Users\Light\source\repos\3DRendC\main.c(197,139): warning C4244: '=': conversion from 'double' to 'float', possible loss of data
C:\Users\Light\source\repos\3DRendC\main.c(198,71): warning C4244: '=': conversion from 'double' to 'float', possible loss of data
C:\Users\Light\source\repos\3DRendC\main.c(198,141): warning C4244: '=': conversion from 'double' to 'float', possible loss of data
C:\Users\Light\source\repos\3DRendC\main.c(201,40): warning C4047: 'function': 'GLintptr' differs in levels of indirection from 'void *'
C:\Users\Light\source\repos\3DRendC\main.c(201,36): warning C4024: 'glad_glBufferSubData': different types for formal and actual parameter 2
C:\Users\Light\source\repos\3DRendC\main.c(246,23): warning C4305: '=': truncation from 'double' to 'float'
C:\Users\Light\source\repos\3DRendC\main.c(254,24): warning C4305: '=': truncation from 'double' to 'float'
C:\Users\Light\source\repos\3DRendC\main.c(265,43): warning C4305: 'function': truncation from 'double' to 'float'
C:\Users\Light\source\repos\3DRendC\main.c(265,51): warning C4305: 'function': truncation from 'double' to 'float'
C:\Users\Light\source\repos\3DRendC\main.c(164,1): warning C4244: 'initializing': conversion from 'double' to 'float', possible loss of data
C:\Users\Light\source\repos\3DRendC\main.c(164,1): warning C4305: 'initializing': truncation from 'double' to 'float'
C:\Users\Light\source\repos\3DRendC\main.c(168,1): warning C4244: 'initializing': conversion from 'double' to 'float', possible loss of data
C:\Users\Light\source\repos\3DRendC\main.c(168,1): warning C4305: 'initializing': truncation from 'double' to 'float'
C:\Users\Light\source\repos\3DRendC\main.c(177,1): warning C4090: 'initializing': different 'const' qualifiers
C:\Users\Light\source\repos\3DRendC\main.c(257,1): warning C4305: 'initializing': truncation from 'double' to 'float'
C:\Users\Light\source\repos\3DRendC\main.c(258,1): warning C4305: 'initializing': truncation from 'double' to 'float'
C:\Users\Light\source\repos\3DRendC\main.c(259,1): warning C4305: 'initializing': truncation from 'double' to 'float'
C:\Users\Light\source\repos\3DRendC\main.c(291,21): warning C4018: '<': signed/unsigned mismatch
C:\Users\Light\source\repos\3DRendC\main.c(313,40): warning C4047: 'function': 'GLintptr' differs in levels of indirection from 'void *'
C:\Users\Light\source\repos\3DRendC\main.c(313,36): warning C4024: 'glad_glBufferSubData': different types for formal and actual parameter 2
C:\Users\Light\source\repos\3DRendC\main.c(321,40): warning C4047: 'function': 'GLintptr' differs in levels of indirection from 'void *'
C:\Users\Light\source\repos\3DRendC\main.c(321,36): warning C4024: 'glad_glBufferSubData': different types for formal and actual parameter 2
C:\Users\Light\source\repos\3DRendC\main.c(328,40): warning C4047: 'function': 'GLintptr' differs in levels of indirection from 'void *'
C:\Users\Light\source\repos\3DRendC\main.c(328,36): warning C4024: 'glad_glBufferSubData': different types for formal and actual parameter 2
C:\Users\Light\source\repos\3DRendC\main.c(338,40): warning C4047: 'function': 'GLintptr' differs in levels of indirection from 'void *'
C:\Users\Light\source\repos\3DRendC\main.c(338,36): warning C4024: 'glad_glBufferSubData': different types for formal and actual parameter 2
C:\Users\Light\source\repos\3DRendC\main.c(346,40): warning C4047: 'function': 'GLintptr' differs in levels of indirection from 'void *'
C:\Users\Light\source\repos\3DRendC\main.c(346,36): warning C4024: 'glad_glBufferSubData': different types for formal and actual parameter 2
C:\Users\Light\source\repos\3DRendC\main.c(355,39): warning C4047: 'function': 'GLintptr' differs in levels of indirection from 'void *'
C:\Users\Light\source\repos\3DRendC\main.c(355,35): warning C4024: 'glad_glBufferSubData': different types for formal and actual parameter 2
C:\Users\Light\source\repos\3DRendC\main.c(360,64): warning C4244: 'function': conversion from 'GLfloat' to 'GLint', possible loss of data
C:\Users\Light\source\repos\3DRendC\main.c(361,64): warning C4244: 'function': conversion from 'GLfloat' to 'GLint', possible loss of data
